The system is: Linux - 5.15.0-124-generic - x86_64
Compiling the CXX compiler identification source file "CMakeCXXCompilerId.cpp" succeeded.
Compiler: /usr/bin/c++ 
Build flags: 
Id flags:  

The output was:
0


Compilation of the CXX compiler identification source "CMakeCXXCompilerId.cpp" produced "a.out"

The CXX compiler identification is GNU, found in "/usr/kl/glog/build/CMakeFiles/3.22.1/CompilerIdCXX/a.out"

Detecting CXX compiler ABI info compiled with the following output:
Change Dir: /usr/kl/glog/build/CMakeFiles/CMakeTmp

Run Build Command(s):/usr/bin/gmake -f Makefile cmTC_af8fa/fast && /usr/bin/gmake  -f CMakeFiles/cmTC_af8fa.dir/build.make CMakeFiles/cmTC_af8fa.dir/build
gmake[1]: Entering directory '/usr/kl/glog/build/CMakeFiles/CMakeTmp'
Building CXX object CMakeFiles/cmTC_af8fa.dir/CMakeCXXCompilerABI.cpp.o
/usr/bin/c++   -v -o CMakeFiles/cmTC_af8fa.dir/CMakeCXXCompilerABI.cpp.o -c /usr/share/cmake-3.22/Modules/CMakeCXXCompilerABI.cpp
Using built-in specs.
COLLECT_GCC=/usr/bin/c++
OFFLOAD_TARGET_NAMES=nvptx-none:amdgcn-amdhsa
OFFLOAD_TARGET_DEFAULT=1
Target: x86_64-linux-gnu
Configured with: ../src/configure -v --with-pkgversion='Ubuntu 11.4.0-1ubuntu1~22.04.2' --with-bugurl=file:///usr/share/doc/gcc-11/README.Bugs --enable-languages=c,ada,c++,go,brig,d,fortran,objc,obj-c++,m2 --prefix=/usr --with-gcc-major-version-only --program-suffix=-11 --program-prefix=x86_64-linux-gnu- --enable-shared --enable-linker-build-id --libexecdir=/usr/lib --without-included-gettext --enable-threads=posix --libdir=/usr/lib --enable-nls --enable-bootstrap --enable-clocale=gnu --enable-libstdcxx-debug --enable-libstdcxx-time=yes --with-default-libstdcxx-abi=new --enable-gnu-unique-object --disable-vtable-verify --enable-plugin --enable-default-pie --with-system-zlib --enable-libphobos-checking=release --with-target-system-zlib=auto --enable-objc-gc=auto --enable-multiarch --disable-werror --enable-cet --with-arch-32=i686 --with-abi=m64 --with-multilib-list=m32,m64,mx32 --enable-multilib --with-tune=generic --enable-offload-targets=nvptx-none=/build/gcc-11-2Y5pKs/gcc-11-11.4.0/debian/tmp-nvptx/usr,amdgcn-amdhsa=/build/gcc-11-2Y5pKs/gcc-11-11.4.0/debian/tmp-gcn/usr --without-cuda-driver --enable-checking=release --build=x86_64-linux-gnu --host=x86_64-linux-gnu --target=x86_64-linux-gnu --with-build-config=bootstrap-lto-lean --enable-link-serialization=2
Thread model: posix
Supported LTO compression algorithms: zlib zstd
gcc version 11.4.0 (Ubuntu 11.4.0-1ubuntu1~22.04.2) 
COLLECT_GCC_OPTIONS='-v' '-o' 'CMakeFiles/cmTC_af8fa.dir/CMakeCXXCompilerABI.cpp.o' '-c' '-shared-libgcc' '-mtune=generic' '-march=x86-64' '-dumpdir' 'CMakeFiles/cmTC_af8fa.dir/'
 /usr/lib/gcc/x86_64-linux-gnu/11/cc1plus -quiet -v -imultiarch x86_64-linux-gnu -D_GNU_SOURCE /usr/share/cmake-3.22/Modules/CMakeCXXCompilerABI.cpp -quiet -dumpdir CMakeFiles/cmTC_af8fa.dir/ -dumpbase CMakeCXXCompilerABI.cpp.cpp -dumpbase-ext .cpp -mtune=generic -march=x86-64 -version -fasynchronous-unwind-tables -fstack-protector-strong -Wformat -Wformat-security -fstack-clash-protection -fcf-protection -o /tmp/ccnSoXuy.s
GNU C++17 (Ubuntu 11.4.0-1ubuntu1~22.04.2) version 11.4.0 (x86_64-linux-gnu)
	compiled by GNU C version 11.4.0, GMP version 6.2.1, MPFR version 4.1.0, MPC version 1.2.1, isl version isl-0.24-GMP

GGC heuristics: --param ggc-min-expand=100 --param ggc-min-heapsize=131072
ignoring duplicate directory "/usr/include/x86_64-linux-gnu/c++/11"
ignoring nonexistent directory "/usr/local/include/x86_64-linux-gnu"
ignoring nonexistent directory "/usr/lib/gcc/x86_64-linux-gnu/11/include-fixed"
ignoring nonexistent directory "/usr/lib/gcc/x86_64-linux-gnu/11/../../../../x86_64-linux-gnu/include"
#include "..." search starts here:
#include <...> search starts here:
 /usr/include/c++/11
 /usr/include/x86_64-linux-gnu/c++/11
 /usr/include/c++/11/backward
 /usr/lib/gcc/x86_64-linux-gnu/11/include
 /usr/local/include
 /usr/include/x86_64-linux-gnu
 /usr/include
End of search list.
GNU C++17 (Ubuntu 11.4.0-1ubuntu1~22.04.2) version 11.4.0 (x86_64-linux-gnu)
	compiled by GNU C version 11.4.0, GMP version 6.2.1, MPFR version 4.1.0, MPC version 1.2.1, isl version isl-0.24-GMP

GGC heuristics: --param ggc-min-expand=100 --param ggc-min-heapsize=131072
Compiler executable checksum: 6c87588fc345655b93b8c25f48f88886
COLLECT_GCC_OPTIONS='-v' '-o' 'CMakeFiles/cmTC_af8fa.dir/CMakeCXXCompilerABI.cpp.o' '-c' '-shared-libgcc' '-mtune=generic' '-march=x86-64' '-dumpdir' 'CMakeFiles/cmTC_af8fa.dir/'
 as -v --64 -o CMakeFiles/cmTC_af8fa.dir/CMakeCXXCompilerABI.cpp.o /tmp/ccnSoXuy.s
GNU assembler version 2.38 (x86_64-linux-gnu) using BFD version (GNU Binutils for Ubuntu) 2.38
COMPILER_PATH=/usr/lib/gcc/x86_64-linux-gnu/11/:/usr/lib/gcc/x86_64-linux-gnu/11/:/usr/lib/gcc/x86_64-linux-gnu/:/usr/lib/gcc/x86_64-linux-gnu/11/:/usr/lib/gcc/x86_64-linux-gnu/
LIBRARY_PATH=/usr/lib/gcc/x86_64-linux-gnu/11/:/usr/lib/gcc/x86_64-linux-gnu/11/../../../x86_64-linux-gnu/:/usr/lib/gcc/x86_64-linux-gnu/11/../../../../lib/:/lib/x86_64-linux-gnu/:/lib/../lib/:/usr/lib/x86_64-linux-gnu/:/usr/lib/../lib/:/usr/lib/gcc/x86_64-linux-gnu/11/../../../:/lib/:/usr/lib/
COLLECT_GCC_OPTIONS='-v' '-o' 'CMakeFiles/cmTC_af8fa.dir/CMakeCXXCompilerABI.cpp.o' '-c' '-shared-libgcc' '-mtune=generic' '-march=x86-64' '-dumpdir' 'CMakeFiles/cmTC_af8fa.dir/CMakeCXXCompilerABI.cpp.'
Linking CXX executable cmTC_af8fa
/usr/bin/cmake -E cmake_link_script CMakeFiles/cmTC_af8fa.dir/link.txt --verbose=1
/usr/bin/c++  -v CMakeFiles/cmTC_af8fa.dir/CMakeCXXCompilerABI.cpp.o -o cmTC_af8fa 
Using built-in specs.
COLLECT_GCC=/usr/bin/c++
COLLECT_LTO_WRAPPER=/usr/lib/gcc/x86_64-linux-gnu/11/lto-wrapper
OFFLOAD_TARGET_NAMES=nvptx-none:amdgcn-amdhsa
OFFLOAD_TARGET_DEFAULT=1
Target: x86_64-linux-gnu
Configured with: ../src/configure -v --with-pkgversion='Ubuntu 11.4.0-1ubuntu1~22.04.2' --with-bugurl=file:///usr/share/doc/gcc-11/README.Bugs --enable-languages=c,ada,c++,go,brig,d,fortran,objc,obj-c++,m2 --prefix=/usr --with-gcc-major-version-only --program-suffix=-11 --program-prefix=x86_64-linux-gnu- --enable-shared --enable-linker-build-id --libexecdir=/usr/lib --without-included-gettext --enable-threads=posix --libdir=/usr/lib --enable-nls --enable-bootstrap --enable-clocale=gnu --enable-libstdcxx-debug --enable-libstdcxx-time=yes --with-default-libstdcxx-abi=new --enable-gnu-unique-object --disable-vtable-verify --enable-plugin --enable-default-pie --with-system-zlib --enable-libphobos-checking=release --with-target-system-zlib=auto --enable-objc-gc=auto --enable-multiarch --disable-werror --enable-cet --with-arch-32=i686 --with-abi=m64 --with-multilib-list=m32,m64,mx32 --enable-multilib --with-tune=generic --enable-offload-targets=nvptx-none=/build/gcc-11-2Y5pKs/gcc-11-11.4.0/debian/tmp-nvptx/usr,amdgcn-amdhsa=/build/gcc-11-2Y5pKs/gcc-11-11.4.0/debian/tmp-gcn/usr --without-cuda-driver --enable-checking=release --build=x86_64-linux-gnu --host=x86_64-linux-gnu --target=x86_64-linux-gnu --with-build-config=bootstrap-lto-lean --enable-link-serialization=2
Thread model: posix
Supported LTO compression algorithms: zlib zstd
gcc version 11.4.0 (Ubuntu 11.4.0-1ubuntu1~22.04.2) 
COMPILER_PATH=/usr/lib/gcc/x86_64-linux-gnu/11/:/usr/lib/gcc/x86_64-linux-gnu/11/:/usr/lib/gcc/x86_64-linux-gnu/:/usr/lib/gcc/x86_64-linux-gnu/11/:/usr/lib/gcc/x86_64-linux-gnu/
LIBRARY_PATH=/usr/lib/gcc/x86_64-linux-gnu/11/:/usr/lib/gcc/x86_64-linux-gnu/11/../../../x86_64-linux-gnu/:/usr/lib/gcc/x86_64-linux-gnu/11/../../../../lib/:/lib/x86_64-linux-gnu/:/lib/../lib/:/usr/lib/x86_64-linux-gnu/:/usr/lib/../lib/:/usr/lib/gcc/x86_64-linux-gnu/11/../../../:/lib/:/usr/lib/
COLLECT_GCC_OPTIONS='-v' '-o' 'cmTC_af8fa' '-shared-libgcc' '-mtune=generic' '-march=x86-64' '-dumpdir' 'cmTC_af8fa.'
 /usr/lib/gcc/x86_64-linux-gnu/11/collect2 -plugin /usr/lib/gcc/x86_64-linux-gnu/11/liblto_plugin.so -plugin-opt=/usr/lib/gcc/x86_64-linux-gnu/11/lto-wrapper -plugin-opt=-fresolution=/tmp/ccGB5247.res -plugin-opt=-pass-through=-lgcc_s -plugin-opt=-pass-through=-lgcc -plugin-opt=-pass-through=-lc -plugin-opt=-pass-through=-lgcc_s -plugin-opt=-pass-through=-lgcc --build-id --eh-frame-hdr -m elf_x86_64 --hash-style=gnu --as-needed -dynamic-linker /lib64/ld-linux-x86-64.so.2 -pie -z now -z relro -o cmTC_af8fa /usr/lib/gcc/x86_64-linux-gnu/11/../../../x86_64-linux-gnu/Scrt1.o /usr/lib/gcc/x86_64-linux-gnu/11/../../../x86_64-linux-gnu/crti.o /usr/lib/gcc/x86_64-linux-gnu/11/crtbeginS.o -L/usr/lib/gcc/x86_64-linux-gnu/11 -L/usr/lib/gcc/x86_64-linux-gnu/11/../../../x86_64-linux-gnu -L/usr/lib/gcc/x86_64-linux-gnu/11/../../../../lib -L/lib/x86_64-linux-gnu -L/lib/../lib -L/usr/lib/x86_64-linux-gnu -L/usr/lib/../lib -L/usr/lib/gcc/x86_64-linux-gnu/11/../../.. CMakeFiles/cmTC_af8fa.dir/CMakeCXXCompilerABI.cpp.o -lstdc++ -lm -lgcc_s -lgcc -lc -lgcc_s -lgcc /usr/lib/gcc/x86_64-linux-gnu/11/crtendS.o /usr/lib/gcc/x86_64-linux-gnu/11/../../../x86_64-linux-gnu/crtn.o
COLLECT_GCC_OPTIONS='-v' '-o' 'cmTC_af8fa' '-shared-libgcc' '-mtune=generic' '-march=x86-64' '-dumpdir' 'cmTC_af8fa.'
gmake[1]: Leaving directory '/usr/kl/glog/build/CMakeFiles/CMakeTmp'



Parsed CXX implicit include dir info from above output: rv=done
  found start of include info
  found start of implicit include info
    add: [/usr/include/c++/11]
    add: [/usr/include/x86_64-linux-gnu/c++/11]
    add: [/usr/include/c++/11/backward]
    add: [/usr/lib/gcc/x86_64-linux-gnu/11/include]
    add: [/usr/local/include]
    add: [/usr/include/x86_64-linux-gnu]
    add: [/usr/include]
  end of search list found
  collapse include dir [/usr/include/c++/11] ==> [/usr/include/c++/11]
  collapse include dir [/usr/include/x86_64-linux-gnu/c++/11] ==> [/usr/include/x86_64-linux-gnu/c++/11]
  collapse include dir [/usr/include/c++/11/backward] ==> [/usr/include/c++/11/backward]
  collapse include dir [/usr/lib/gcc/x86_64-linux-gnu/11/include] ==> [/usr/lib/gcc/x86_64-linux-gnu/11/include]
  collapse include dir [/usr/local/include] ==> [/usr/local/include]
  collapse include dir [/usr/include/x86_64-linux-gnu] ==> [/usr/include/x86_64-linux-gnu]
  collapse include dir [/usr/include] ==> [/usr/include]
  implicit include dirs: [/usr/include/c++/11;/usr/include/x86_64-linux-gnu/c++/11;/usr/include/c++/11/backward;/usr/lib/gcc/x86_64-linux-gnu/11/include;/usr/local/include;/usr/include/x86_64-linux-gnu;/usr/include]


Parsed CXX implicit link information from above output:
  link line regex: [^( *|.*[/\])(ld|CMAKE_LINK_STARTFILE-NOTFOUND|([^/\]+-)?ld|collect2)[^/\]*( |$)]
  ignore line: [Change Dir: /usr/kl/glog/build/CMakeFiles/CMakeTmp]
  ignore line: []
  ignore line: [Run Build Command(s):/usr/bin/gmake -f Makefile cmTC_af8fa/fast && /usr/bin/gmake  -f CMakeFiles/cmTC_af8fa.dir/build.make CMakeFiles/cmTC_af8fa.dir/build]
  ignore line: [gmake[1]: Entering directory '/usr/kl/glog/build/CMakeFiles/CMakeTmp']
  ignore line: [Building CXX object CMakeFiles/cmTC_af8fa.dir/CMakeCXXCompilerABI.cpp.o]
  ignore line: [/usr/bin/c++   -v -o CMakeFiles/cmTC_af8fa.dir/CMakeCXXCompilerABI.cpp.o -c /usr/share/cmake-3.22/Modules/CMakeCXXCompilerABI.cpp]
  ignore line: [Using built-in specs.]
  ignore line: [COLLECT_GCC=/usr/bin/c++]
  ignore line: [OFFLOAD_TARGET_NAMES=nvptx-none:amdgcn-amdhsa]
  ignore line: [OFFLOAD_TARGET_DEFAULT=1]
  ignore line: [Target: x86_64-linux-gnu]
  ignore line: [Configured with: ../src/configure -v --with-pkgversion='Ubuntu 11.4.0-1ubuntu1~22.04.2' --with-bugurl=file:///usr/share/doc/gcc-11/README.Bugs --enable-languages=c ada c++ go brig d fortran objc obj-c++ m2 --prefix=/usr --with-gcc-major-version-only --program-suffix=-11 --program-prefix=x86_64-linux-gnu- --enable-shared --enable-linker-build-id --libexecdir=/usr/lib --without-included-gettext --enable-threads=posix --libdir=/usr/lib --enable-nls --enable-bootstrap --enable-clocale=gnu --enable-libstdcxx-debug --enable-libstdcxx-time=yes --with-default-libstdcxx-abi=new --enable-gnu-unique-object --disable-vtable-verify --enable-plugin --enable-default-pie --with-system-zlib --enable-libphobos-checking=release --with-target-system-zlib=auto --enable-objc-gc=auto --enable-multiarch --disable-werror --enable-cet --with-arch-32=i686 --with-abi=m64 --with-multilib-list=m32 m64 mx32 --enable-multilib --with-tune=generic --enable-offload-targets=nvptx-none=/build/gcc-11-2Y5pKs/gcc-11-11.4.0/debian/tmp-nvptx/usr amdgcn-amdhsa=/build/gcc-11-2Y5pKs/gcc-11-11.4.0/debian/tmp-gcn/usr --without-cuda-driver --enable-checking=release --build=x86_64-linux-gnu --host=x86_64-linux-gnu --target=x86_64-linux-gnu --with-build-config=bootstrap-lto-lean --enable-link-serialization=2]
  ignore line: [Thread model: posix]
  ignore line: [Supported LTO compression algorithms: zlib zstd]
  ignore line: [gcc version 11.4.0 (Ubuntu 11.4.0-1ubuntu1~22.04.2) ]
  ignore line: [COLLECT_GCC_OPTIONS='-v' '-o' 'CMakeFiles/cmTC_af8fa.dir/CMakeCXXCompilerABI.cpp.o' '-c' '-shared-libgcc' '-mtune=generic' '-march=x86-64' '-dumpdir' 'CMakeFiles/cmTC_af8fa.dir/']
  ignore line: [ /usr/lib/gcc/x86_64-linux-gnu/11/cc1plus -quiet -v -imultiarch x86_64-linux-gnu -D_GNU_SOURCE /usr/share/cmake-3.22/Modules/CMakeCXXCompilerABI.cpp -quiet -dumpdir CMakeFiles/cmTC_af8fa.dir/ -dumpbase CMakeCXXCompilerABI.cpp.cpp -dumpbase-ext .cpp -mtune=generic -march=x86-64 -version -fasynchronous-unwind-tables -fstack-protector-strong -Wformat -Wformat-security -fstack-clash-protection -fcf-protection -o /tmp/ccnSoXuy.s]
  ignore line: [GNU C++17 (Ubuntu 11.4.0-1ubuntu1~22.04.2) version 11.4.0 (x86_64-linux-gnu)]
  ignore line: [	compiled by GNU C version 11.4.0  GMP version 6.2.1  MPFR version 4.1.0  MPC version 1.2.1  isl version isl-0.24-GMP]
  ignore line: []
  ignore line: [GGC heuristics: --param ggc-min-expand=100 --param ggc-min-heapsize=131072]
  ignore line: [ignoring duplicate directory "/usr/include/x86_64-linux-gnu/c++/11"]
  ignore line: [ignoring nonexistent directory "/usr/local/include/x86_64-linux-gnu"]
  ignore line: [ignoring nonexistent directory "/usr/lib/gcc/x86_64-linux-gnu/11/include-fixed"]
  ignore line: [ignoring nonexistent directory "/usr/lib/gcc/x86_64-linux-gnu/11/../../../../x86_64-linux-gnu/include"]
  ignore line: [#include "..." search starts here:]
  ignore line: [#include <...> search starts here:]
  ignore line: [ /usr/include/c++/11]
  ignore line: [ /usr/include/x86_64-linux-gnu/c++/11]
  ignore line: [ /usr/include/c++/11/backward]
  ignore line: [ /usr/lib/gcc/x86_64-linux-gnu/11/include]
  ignore line: [ /usr/local/include]
  ignore line: [ /usr/include/x86_64-linux-gnu]
  ignore line: [ /usr/include]
  ignore line: [End of search list.]
  ignore line: [GNU C++17 (Ubuntu 11.4.0-1ubuntu1~22.04.2) version 11.4.0 (x86_64-linux-gnu)]
  ignore line: [	compiled by GNU C version 11.4.0  GMP version 6.2.1  MPFR version 4.1.0  MPC version 1.2.1  isl version isl-0.24-GMP]
  ignore line: []
  ignore line: [GGC heuristics: --param ggc-min-expand=100 --param ggc-min-heapsize=131072]
  ignore line: [Compiler executable checksum: 6c87588fc345655b93b8c25f48f88886]
  ignore line: [COLLECT_GCC_OPTIONS='-v' '-o' 'CMakeFiles/cmTC_af8fa.dir/CMakeCXXCompilerABI.cpp.o' '-c' '-shared-libgcc' '-mtune=generic' '-march=x86-64' '-dumpdir' 'CMakeFiles/cmTC_af8fa.dir/']
  ignore line: [ as -v --64 -o CMakeFiles/cmTC_af8fa.dir/CMakeCXXCompilerABI.cpp.o /tmp/ccnSoXuy.s]
  ignore line: [GNU assembler version 2.38 (x86_64-linux-gnu) using BFD version (GNU Binutils for Ubuntu) 2.38]
  ignore line: [COMPILER_PATH=/usr/lib/gcc/x86_64-linux-gnu/11/:/usr/lib/gcc/x86_64-linux-gnu/11/:/usr/lib/gcc/x86_64-linux-gnu/:/usr/lib/gcc/x86_64-linux-gnu/11/:/usr/lib/gcc/x86_64-linux-gnu/]
  ignore line: [LIBRARY_PATH=/usr/lib/gcc/x86_64-linux-gnu/11/:/usr/lib/gcc/x86_64-linux-gnu/11/../../../x86_64-linux-gnu/:/usr/lib/gcc/x86_64-linux-gnu/11/../../../../lib/:/lib/x86_64-linux-gnu/:/lib/../lib/:/usr/lib/x86_64-linux-gnu/:/usr/lib/../lib/:/usr/lib/gcc/x86_64-linux-gnu/11/../../../:/lib/:/usr/lib/]
  ignore line: [COLLECT_GCC_OPTIONS='-v' '-o' 'CMakeFiles/cmTC_af8fa.dir/CMakeCXXCompilerABI.cpp.o' '-c' '-shared-libgcc' '-mtune=generic' '-march=x86-64' '-dumpdir' 'CMakeFiles/cmTC_af8fa.dir/CMakeCXXCompilerABI.cpp.']
  ignore line: [Linking CXX executable cmTC_af8fa]
  ignore line: [/usr/bin/cmake -E cmake_link_script CMakeFiles/cmTC_af8fa.dir/link.txt --verbose=1]
  ignore line: [/usr/bin/c++  -v CMakeFiles/cmTC_af8fa.dir/CMakeCXXCompilerABI.cpp.o -o cmTC_af8fa ]
  ignore line: [Using built-in specs.]
  ignore line: [COLLECT_GCC=/usr/bin/c++]
  ignore line: [COLLECT_LTO_WRAPPER=/usr/lib/gcc/x86_64-linux-gnu/11/lto-wrapper]
  ignore line: [OFFLOAD_TARGET_NAMES=nvptx-none:amdgcn-amdhsa]
  ignore line: [OFFLOAD_TARGET_DEFAULT=1]
  ignore line: [Target: x86_64-linux-gnu]
  ignore line: [Configured with: ../src/configure -v --with-pkgversion='Ubuntu 11.4.0-1ubuntu1~22.04.2' --with-bugurl=file:///usr/share/doc/gcc-11/README.Bugs --enable-languages=c ada c++ go brig d fortran objc obj-c++ m2 --prefix=/usr --with-gcc-major-version-only --program-suffix=-11 --program-prefix=x86_64-linux-gnu- --enable-shared --enable-linker-build-id --libexecdir=/usr/lib --without-included-gettext --enable-threads=posix --libdir=/usr/lib --enable-nls --enable-bootstrap --enable-clocale=gnu --enable-libstdcxx-debug --enable-libstdcxx-time=yes --with-default-libstdcxx-abi=new --enable-gnu-unique-object --disable-vtable-verify --enable-plugin --enable-default-pie --with-system-zlib --enable-libphobos-checking=release --with-target-system-zlib=auto --enable-objc-gc=auto --enable-multiarch --disable-werror --enable-cet --with-arch-32=i686 --with-abi=m64 --with-multilib-list=m32 m64 mx32 --enable-multilib --with-tune=generic --enable-offload-targets=nvptx-none=/build/gcc-11-2Y5pKs/gcc-11-11.4.0/debian/tmp-nvptx/usr amdgcn-amdhsa=/build/gcc-11-2Y5pKs/gcc-11-11.4.0/debian/tmp-gcn/usr --without-cuda-driver --enable-checking=release --build=x86_64-linux-gnu --host=x86_64-linux-gnu --target=x86_64-linux-gnu --with-build-config=bootstrap-lto-lean --enable-link-serialization=2]
  ignore line: [Thread model: posix]
  ignore line: [Supported LTO compression algorithms: zlib zstd]
  ignore line: [gcc version 11.4.0 (Ubuntu 11.4.0-1ubuntu1~22.04.2) ]
  ignore line: [COMPILER_PATH=/usr/lib/gcc/x86_64-linux-gnu/11/:/usr/lib/gcc/x86_64-linux-gnu/11/:/usr/lib/gcc/x86_64-linux-gnu/:/usr/lib/gcc/x86_64-linux-gnu/11/:/usr/lib/gcc/x86_64-linux-gnu/]
  ignore line: [LIBRARY_PATH=/usr/lib/gcc/x86_64-linux-gnu/11/:/usr/lib/gcc/x86_64-linux-gnu/11/../../../x86_64-linux-gnu/:/usr/lib/gcc/x86_64-linux-gnu/11/../../../../lib/:/lib/x86_64-linux-gnu/:/lib/../lib/:/usr/lib/x86_64-linux-gnu/:/usr/lib/../lib/:/usr/lib/gcc/x86_64-linux-gnu/11/../../../:/lib/:/usr/lib/]
  ignore line: [COLLECT_GCC_OPTIONS='-v' '-o' 'cmTC_af8fa' '-shared-libgcc' '-mtune=generic' '-march=x86-64' '-dumpdir' 'cmTC_af8fa.']
  link line: [ /usr/lib/gcc/x86_64-linux-gnu/11/collect2 -plugin /usr/lib/gcc/x86_64-linux-gnu/11/liblto_plugin.so -plugin-opt=/usr/lib/gcc/x86_64-linux-gnu/11/lto-wrapper -plugin-opt=-fresolution=/tmp/ccGB5247.res -plugin-opt=-pass-through=-lgcc_s -plugin-opt=-pass-through=-lgcc -plugin-opt=-pass-through=-lc -plugin-opt=-pass-through=-lgcc_s -plugin-opt=-pass-through=-lgcc --build-id --eh-frame-hdr -m elf_x86_64 --hash-style=gnu --as-needed -dynamic-linker /lib64/ld-linux-x86-64.so.2 -pie -z now -z relro -o cmTC_af8fa /usr/lib/gcc/x86_64-linux-gnu/11/../../../x86_64-linux-gnu/Scrt1.o /usr/lib/gcc/x86_64-linux-gnu/11/../../../x86_64-linux-gnu/crti.o /usr/lib/gcc/x86_64-linux-gnu/11/crtbeginS.o -L/usr/lib/gcc/x86_64-linux-gnu/11 -L/usr/lib/gcc/x86_64-linux-gnu/11/../../../x86_64-linux-gnu -L/usr/lib/gcc/x86_64-linux-gnu/11/../../../../lib -L/lib/x86_64-linux-gnu -L/lib/../lib -L/usr/lib/x86_64-linux-gnu -L/usr/lib/../lib -L/usr/lib/gcc/x86_64-linux-gnu/11/../../.. CMakeFiles/cmTC_af8fa.dir/CMakeCXXCompilerABI.cpp.o -lstdc++ -lm -lgcc_s -lgcc -lc -lgcc_s -lgcc /usr/lib/gcc/x86_64-linux-gnu/11/crtendS.o /usr/lib/gcc/x86_64-linux-gnu/11/../../../x86_64-linux-gnu/crtn.o]
    arg [/usr/lib/gcc/x86_64-linux-gnu/11/collect2] ==> ignore
    arg [-plugin] ==> ignore
    arg [/usr/lib/gcc/x86_64-linux-gnu/11/liblto_plugin.so] ==> ignore
    arg [-plugin-opt=/usr/lib/gcc/x86_64-linux-gnu/11/lto-wrapper] ==> ignore
    arg [-plugin-opt=-fresolution=/tmp/ccGB5247.res] ==> ignore
    arg [-plugin-opt=-pass-through=-lgcc_s] ==> ignore
    arg [-plugin-opt=-pass-through=-lgcc] ==> ignore
    arg [-plugin-opt=-pass-through=-lc] ==> ignore
    arg [-plugin-opt=-pass-through=-lgcc_s] ==> ignore
    arg [-plugin-opt=-pass-through=-lgcc] ==> ignore
    arg [--build-id] ==> ignore
    arg [--eh-frame-hdr] ==> ignore
    arg [-m] ==> ignore
    arg [elf_x86_64] ==> ignore
    arg [--hash-style=gnu] ==> ignore
    arg [--as-needed] ==> ignore
    arg [-dynamic-linker] ==> ignore
    arg [/lib64/ld-linux-x86-64.so.2] ==> ignore
    arg [-pie] ==> ignore
    arg [-znow] ==> ignore
    arg [-zrelro] ==> ignore
    arg [-o] ==> ignore
    arg [cmTC_af8fa] ==> ignore
    arg [/usr/lib/gcc/x86_64-linux-gnu/11/../../../x86_64-linux-gnu/Scrt1.o] ==> obj [/usr/lib/gcc/x86_64-linux-gnu/11/../../../x86_64-linux-gnu/Scrt1.o]
    arg [/usr/lib/gcc/x86_64-linux-gnu/11/../../../x86_64-linux-gnu/crti.o] ==> obj [/usr/lib/gcc/x86_64-linux-gnu/11/../../../x86_64-linux-gnu/crti.o]
    arg [/usr/lib/gcc/x86_64-linux-gnu/11/crtbeginS.o] ==> obj [/usr/lib/gcc/x86_64-linux-gnu/11/crtbeginS.o]
    arg [-L/usr/lib/gcc/x86_64-linux-gnu/11] ==> dir [/usr/lib/gcc/x86_64-linux-gnu/11]
    arg [-L/usr/lib/gcc/x86_64-linux-gnu/11/../../../x86_64-linux-gnu] ==> dir [/usr/lib/gcc/x86_64-linux-gnu/11/../../../x86_64-linux-gnu]
    arg [-L/usr/lib/gcc/x86_64-linux-gnu/11/../../../../lib] ==> dir [/usr/lib/gcc/x86_64-linux-gnu/11/../../../../lib]
    arg [-L/lib/x86_64-linux-gnu] ==> dir [/lib/x86_64-linux-gnu]
    arg [-L/lib/../lib] ==> dir [/lib/../lib]
    arg [-L/usr/lib/x86_64-linux-gnu] ==> dir [/usr/lib/x86_64-linux-gnu]
    arg [-L/usr/lib/../lib] ==> dir [/usr/lib/../lib]
    arg [-L/usr/lib/gcc/x86_64-linux-gnu/11/../../..] ==> dir [/usr/lib/gcc/x86_64-linux-gnu/11/../../..]
    arg [CMakeFiles/cmTC_af8fa.dir/CMakeCXXCompilerABI.cpp.o] ==> ignore
    arg [-lstdc++] ==> lib [stdc++]
    arg [-lm] ==> lib [m]
    arg [-lgcc_s] ==> lib [gcc_s]
    arg [-lgcc] ==> lib [gcc]
    arg [-lc] ==> lib [c]
    arg [-lgcc_s] ==> lib [gcc_s]
    arg [-lgcc] ==> lib [gcc]
    arg [/usr/lib/gcc/x86_64-linux-gnu/11/crtendS.o] ==> obj [/usr/lib/gcc/x86_64-linux-gnu/11/crtendS.o]
    arg [/usr/lib/gcc/x86_64-linux-gnu/11/../../../x86_64-linux-gnu/crtn.o] ==> obj [/usr/lib/gcc/x86_64-linux-gnu/11/../../../x86_64-linux-gnu/crtn.o]
  collapse obj [/usr/lib/gcc/x86_64-linux-gnu/11/../../../x86_64-linux-gnu/Scrt1.o] ==> [/usr/lib/x86_64-linux-gnu/Scrt1.o]
  collapse obj [/usr/lib/gcc/x86_64-linux-gnu/11/../../../x86_64-linux-gnu/crti.o] ==> [/usr/lib/x86_64-linux-gnu/crti.o]
  collapse obj [/usr/lib/gcc/x86_64-linux-gnu/11/../../../x86_64-linux-gnu/crtn.o] ==> [/usr/lib/x86_64-linux-gnu/crtn.o]
  collapse library dir [/usr/lib/gcc/x86_64-linux-gnu/11] ==> [/usr/lib/gcc/x86_64-linux-gnu/11]
  collapse library dir [/usr/lib/gcc/x86_64-linux-gnu/11/../../../x86_64-linux-gnu] ==> [/usr/lib/x86_64-linux-gnu]
  collapse library dir [/usr/lib/gcc/x86_64-linux-gnu/11/../../../../lib] ==> [/usr/lib]
  collapse library dir [/lib/x86_64-linux-gnu] ==> [/lib/x86_64-linux-gnu]
  collapse library dir [/lib/../lib] ==> [/lib]
  collapse library dir [/usr/lib/x86_64-linux-gnu] ==> [/usr/lib/x86_64-linux-gnu]
  collapse library dir [/usr/lib/../lib] ==> [/usr/lib]
  collapse library dir [/usr/lib/gcc/x86_64-linux-gnu/11/../../..] ==> [/usr/lib]
  implicit libs: [stdc++;m;gcc_s;gcc;c;gcc_s;gcc]
  implicit objs: [/usr/lib/x86_64-linux-gnu/Scrt1.o;/usr/lib/x86_64-linux-gnu/crti.o;/usr/lib/gcc/x86_64-linux-gnu/11/crtbeginS.o;/usr/lib/gcc/x86_64-linux-gnu/11/crtendS.o;/usr/lib/x86_64-linux-gnu/crtn.o]
  implicit dirs: [/usr/lib/gcc/x86_64-linux-gnu/11;/usr/lib/x86_64-linux-gnu;/usr/lib;/lib/x86_64-linux-gnu;/lib]
  implicit fwks: []


Determining if the include file pthread.h exists passed with the following output:
Change Dir: /usr/kl/glog/build/CMakeFiles/CMakeTmp

Run Build Command(s):/usr/bin/gmake -f Makefile cmTC_2fbfb/fast && /usr/bin/gmake  -f CMakeFiles/cmTC_2fbfb.dir/build.make CMakeFiles/cmTC_2fbfb.dir/build
gmake[1]: Entering directory '/usr/kl/glog/build/CMakeFiles/CMakeTmp'
Building CXX object CMakeFiles/cmTC_2fbfb.dir/CheckIncludeFile.cxx.o
/usr/bin/c++   -fPIE -o CMakeFiles/cmTC_2fbfb.dir/CheckIncludeFile.cxx.o -c /usr/kl/glog/build/CMakeFiles/CMakeTmp/CheckIncludeFile.cxx
Linking CXX executable cmTC_2fbfb
/usr/bin/cmake -E cmake_link_script CMakeFiles/cmTC_2fbfb.dir/link.txt --verbose=1
/usr/bin/c++ CMakeFiles/cmTC_2fbfb.dir/CheckIncludeFile.cxx.o -o cmTC_2fbfb 
gmake[1]: Leaving directory '/usr/kl/glog/build/CMakeFiles/CMakeTmp'



Performing C++ SOURCE FILE Test CMAKE_HAVE_LIBC_PTHREAD succeeded with the following output:
Change Dir: /usr/kl/glog/build/CMakeFiles/CMakeTmp

Run Build Command(s):/usr/bin/gmake -f Makefile cmTC_6dff5/fast && /usr/bin/gmake  -f CMakeFiles/cmTC_6dff5.dir/build.make CMakeFiles/cmTC_6dff5.dir/build
gmake[1]: Entering directory '/usr/kl/glog/build/CMakeFiles/CMakeTmp'
Building CXX object CMakeFiles/cmTC_6dff5.dir/src.cxx.o
/usr/bin/c++ -DCMAKE_HAVE_LIBC_PTHREAD  -fPIE -o CMakeFiles/cmTC_6dff5.dir/src.cxx.o -c /usr/kl/glog/build/CMakeFiles/CMakeTmp/src.cxx
Linking CXX executable cmTC_6dff5
/usr/bin/cmake -E cmake_link_script CMakeFiles/cmTC_6dff5.dir/link.txt --verbose=1
/usr/bin/c++ CMakeFiles/cmTC_6dff5.dir/src.cxx.o -o cmTC_6dff5 
gmake[1]: Leaving directory '/usr/kl/glog/build/CMakeFiles/CMakeTmp'


Source file was:
#include <pthread.h>

static void* test_func(void* data)
{
  return data;
}

int main(void)
{
  pthread_t thread;
  pthread_create(&thread, NULL, test_func, NULL);
  pthread_detach(thread);
  pthread_cancel(thread);
  pthread_join(thread, NULL);
  pthread_atfork(NULL, NULL, NULL);
  pthread_exit(NULL);

  return 0;
}

Determining if the include file dlfcn.h exists passed with the following output:
Change Dir: /usr/kl/glog/build/CMakeFiles/CMakeTmp

Run Build Command(s):/usr/bin/gmake -f Makefile cmTC_37fca/fast && /usr/bin/gmake  -f CMakeFiles/cmTC_37fca.dir/build.make CMakeFiles/cmTC_37fca.dir/build
gmake[1]: Entering directory '/usr/kl/glog/build/CMakeFiles/CMakeTmp'
Building CXX object CMakeFiles/cmTC_37fca.dir/CheckIncludeFile.cxx.o
/usr/bin/c++   -fPIE -o CMakeFiles/cmTC_37fca.dir/CheckIncludeFile.cxx.o -c /usr/kl/glog/build/CMakeFiles/CMakeTmp/CheckIncludeFile.cxx
Linking CXX executable cmTC_37fca
/usr/bin/cmake -E cmake_link_script CMakeFiles/cmTC_37fca.dir/link.txt --verbose=1
/usr/bin/c++ CMakeFiles/cmTC_37fca.dir/CheckIncludeFile.cxx.o -o cmTC_37fca 
gmake[1]: Leaving directory '/usr/kl/glog/build/CMakeFiles/CMakeTmp'



Determining if the include file elf.h exists passed with the following output:
Change Dir: /usr/kl/glog/build/CMakeFiles/CMakeTmp

Run Build Command(s):/usr/bin/gmake -f Makefile cmTC_3333f/fast && /usr/bin/gmake  -f CMakeFiles/cmTC_3333f.dir/build.make CMakeFiles/cmTC_3333f.dir/build
gmake[1]: Entering directory '/usr/kl/glog/build/CMakeFiles/CMakeTmp'
Building CXX object CMakeFiles/cmTC_3333f.dir/CheckIncludeFile.cxx.o
/usr/bin/c++   -fPIE -o CMakeFiles/cmTC_3333f.dir/CheckIncludeFile.cxx.o -c /usr/kl/glog/build/CMakeFiles/CMakeTmp/CheckIncludeFile.cxx
Linking CXX executable cmTC_3333f
/usr/bin/cmake -E cmake_link_script CMakeFiles/cmTC_3333f.dir/link.txt --verbose=1
/usr/bin/c++ CMakeFiles/cmTC_3333f.dir/CheckIncludeFile.cxx.o -o cmTC_3333f 
gmake[1]: Leaving directory '/usr/kl/glog/build/CMakeFiles/CMakeTmp'



Determining if the include file glob.h exists passed with the following output:
Change Dir: /usr/kl/glog/build/CMakeFiles/CMakeTmp

Run Build Command(s):/usr/bin/gmake -f Makefile cmTC_0bc5b/fast && /usr/bin/gmake  -f CMakeFiles/cmTC_0bc5b.dir/build.make CMakeFiles/cmTC_0bc5b.dir/build
gmake[1]: Entering directory '/usr/kl/glog/build/CMakeFiles/CMakeTmp'
Building CXX object CMakeFiles/cmTC_0bc5b.dir/CheckIncludeFile.cxx.o
/usr/bin/c++   -fPIE -o CMakeFiles/cmTC_0bc5b.dir/CheckIncludeFile.cxx.o -c /usr/kl/glog/build/CMakeFiles/CMakeTmp/CheckIncludeFile.cxx
Linking CXX executable cmTC_0bc5b
/usr/bin/cmake -E cmake_link_script CMakeFiles/cmTC_0bc5b.dir/link.txt --verbose=1
/usr/bin/c++ CMakeFiles/cmTC_0bc5b.dir/CheckIncludeFile.cxx.o -o cmTC_0bc5b 
gmake[1]: Leaving directory '/usr/kl/glog/build/CMakeFiles/CMakeTmp'



Determining if the include file link.h exists passed with the following output:
Change Dir: /usr/kl/glog/build/CMakeFiles/CMakeTmp

Run Build Command(s):/usr/bin/gmake -f Makefile cmTC_8f4cc/fast && /usr/bin/gmake  -f CMakeFiles/cmTC_8f4cc.dir/build.make CMakeFiles/cmTC_8f4cc.dir/build
gmake[1]: Entering directory '/usr/kl/glog/build/CMakeFiles/CMakeTmp'
Building CXX object CMakeFiles/cmTC_8f4cc.dir/CheckIncludeFile.cxx.o
/usr/bin/c++   -fPIE -o CMakeFiles/cmTC_8f4cc.dir/CheckIncludeFile.cxx.o -c /usr/kl/glog/build/CMakeFiles/CMakeTmp/CheckIncludeFile.cxx
Linking CXX executable cmTC_8f4cc
/usr/bin/cmake -E cmake_link_script CMakeFiles/cmTC_8f4cc.dir/link.txt --verbose=1
/usr/bin/c++ CMakeFiles/cmTC_8f4cc.dir/CheckIncludeFile.cxx.o -o cmTC_8f4cc 
gmake[1]: Leaving directory '/usr/kl/glog/build/CMakeFiles/CMakeTmp'



Determining if the include file pwd.h exists passed with the following output:
Change Dir: /usr/kl/glog/build/CMakeFiles/CMakeTmp

Run Build Command(s):/usr/bin/gmake -f Makefile cmTC_eb4b3/fast && /usr/bin/gmake  -f CMakeFiles/cmTC_eb4b3.dir/build.make CMakeFiles/cmTC_eb4b3.dir/build
gmake[1]: Entering directory '/usr/kl/glog/build/CMakeFiles/CMakeTmp'
Building CXX object CMakeFiles/cmTC_eb4b3.dir/CheckIncludeFile.cxx.o
/usr/bin/c++   -fPIE -o CMakeFiles/cmTC_eb4b3.dir/CheckIncludeFile.cxx.o -c /usr/kl/glog/build/CMakeFiles/CMakeTmp/CheckIncludeFile.cxx
Linking CXX executable cmTC_eb4b3
/usr/bin/cmake -E cmake_link_script CMakeFiles/cmTC_eb4b3.dir/link.txt --verbose=1
/usr/bin/c++ CMakeFiles/cmTC_eb4b3.dir/CheckIncludeFile.cxx.o -o cmTC_eb4b3 
gmake[1]: Leaving directory '/usr/kl/glog/build/CMakeFiles/CMakeTmp'



Determining if the include file sys/syscall.h exists passed with the following output:
Change Dir: /usr/kl/glog/build/CMakeFiles/CMakeTmp

Run Build Command(s):/usr/bin/gmake -f Makefile cmTC_05f88/fast && /usr/bin/gmake  -f CMakeFiles/cmTC_05f88.dir/build.make CMakeFiles/cmTC_05f88.dir/build
gmake[1]: Entering directory '/usr/kl/glog/build/CMakeFiles/CMakeTmp'
Building CXX object CMakeFiles/cmTC_05f88.dir/CheckIncludeFile.cxx.o
/usr/bin/c++   -fPIE -o CMakeFiles/cmTC_05f88.dir/CheckIncludeFile.cxx.o -c /usr/kl/glog/build/CMakeFiles/CMakeTmp/CheckIncludeFile.cxx
Linking CXX executable cmTC_05f88
/usr/bin/cmake -E cmake_link_script CMakeFiles/cmTC_05f88.dir/link.txt --verbose=1
/usr/bin/c++ CMakeFiles/cmTC_05f88.dir/CheckIncludeFile.cxx.o -o cmTC_05f88 
gmake[1]: Leaving directory '/usr/kl/glog/build/CMakeFiles/CMakeTmp'



Determining if the include file sys/time.h exists passed with the following output:
Change Dir: /usr/kl/glog/build/CMakeFiles/CMakeTmp

Run Build Command(s):/usr/bin/gmake -f Makefile cmTC_89700/fast && /usr/bin/gmake  -f CMakeFiles/cmTC_89700.dir/build.make CMakeFiles/cmTC_89700.dir/build
gmake[1]: Entering directory '/usr/kl/glog/build/CMakeFiles/CMakeTmp'
Building CXX object CMakeFiles/cmTC_89700.dir/CheckIncludeFile.cxx.o
/usr/bin/c++   -fPIE -o CMakeFiles/cmTC_89700.dir/CheckIncludeFile.cxx.o -c /usr/kl/glog/build/CMakeFiles/CMakeTmp/CheckIncludeFile.cxx
Linking CXX executable cmTC_89700
/usr/bin/cmake -E cmake_link_script CMakeFiles/cmTC_89700.dir/link.txt --verbose=1
/usr/bin/c++ CMakeFiles/cmTC_89700.dir/CheckIncludeFile.cxx.o -o cmTC_89700 
gmake[1]: Leaving directory '/usr/kl/glog/build/CMakeFiles/CMakeTmp'



Determining if the include file sys/types.h exists passed with the following output:
Change Dir: /usr/kl/glog/build/CMakeFiles/CMakeTmp

Run Build Command(s):/usr/bin/gmake -f Makefile cmTC_90486/fast && /usr/bin/gmake  -f CMakeFiles/cmTC_90486.dir/build.make CMakeFiles/cmTC_90486.dir/build
gmake[1]: Entering directory '/usr/kl/glog/build/CMakeFiles/CMakeTmp'
Building CXX object CMakeFiles/cmTC_90486.dir/CheckIncludeFile.cxx.o
/usr/bin/c++   -fPIE -o CMakeFiles/cmTC_90486.dir/CheckIncludeFile.cxx.o -c /usr/kl/glog/build/CMakeFiles/CMakeTmp/CheckIncludeFile.cxx
Linking CXX executable cmTC_90486
/usr/bin/cmake -E cmake_link_script CMakeFiles/cmTC_90486.dir/link.txt --verbose=1
/usr/bin/c++ CMakeFiles/cmTC_90486.dir/CheckIncludeFile.cxx.o -o cmTC_90486 
gmake[1]: Leaving directory '/usr/kl/glog/build/CMakeFiles/CMakeTmp'



Determining if the include file sys/utsname.h exists passed with the following output:
Change Dir: /usr/kl/glog/build/CMakeFiles/CMakeTmp

Run Build Command(s):/usr/bin/gmake -f Makefile cmTC_5d912/fast && /usr/bin/gmake  -f CMakeFiles/cmTC_5d912.dir/build.make CMakeFiles/cmTC_5d912.dir/build
gmake[1]: Entering directory '/usr/kl/glog/build/CMakeFiles/CMakeTmp'
Building CXX object CMakeFiles/cmTC_5d912.dir/CheckIncludeFile.cxx.o
/usr/bin/c++   -fPIE -o CMakeFiles/cmTC_5d912.dir/CheckIncludeFile.cxx.o -c /usr/kl/glog/build/CMakeFiles/CMakeTmp/CheckIncludeFile.cxx
Linking CXX executable cmTC_5d912
/usr/bin/cmake -E cmake_link_script CMakeFiles/cmTC_5d912.dir/link.txt --verbose=1
/usr/bin/c++ CMakeFiles/cmTC_5d912.dir/CheckIncludeFile.cxx.o -o cmTC_5d912 
gmake[1]: Leaving directory '/usr/kl/glog/build/CMakeFiles/CMakeTmp'



Determining if the include file sys/wait.h exists passed with the following output:
Change Dir: /usr/kl/glog/build/CMakeFiles/CMakeTmp

Run Build Command(s):/usr/bin/gmake -f Makefile cmTC_b9bae/fast && /usr/bin/gmake  -f CMakeFiles/cmTC_b9bae.dir/build.make CMakeFiles/cmTC_b9bae.dir/build
gmake[1]: Entering directory '/usr/kl/glog/build/CMakeFiles/CMakeTmp'
Building CXX object CMakeFiles/cmTC_b9bae.dir/CheckIncludeFile.cxx.o
/usr/bin/c++   -fPIE -o CMakeFiles/cmTC_b9bae.dir/CheckIncludeFile.cxx.o -c /usr/kl/glog/build/CMakeFiles/CMakeTmp/CheckIncludeFile.cxx
Linking CXX executable cmTC_b9bae
/usr/bin/cmake -E cmake_link_script CMakeFiles/cmTC_b9bae.dir/link.txt --verbose=1
/usr/bin/c++ CMakeFiles/cmTC_b9bae.dir/CheckIncludeFile.cxx.o -o cmTC_b9bae 
gmake[1]: Leaving directory '/usr/kl/glog/build/CMakeFiles/CMakeTmp'



Determining if the include file syscall.h exists passed with the following output:
Change Dir: /usr/kl/glog/build/CMakeFiles/CMakeTmp

Run Build Command(s):/usr/bin/gmake -f Makefile cmTC_0d0a5/fast && /usr/bin/gmake  -f CMakeFiles/cmTC_0d0a5.dir/build.make CMakeFiles/cmTC_0d0a5.dir/build
gmake[1]: Entering directory '/usr/kl/glog/build/CMakeFiles/CMakeTmp'
Building CXX object CMakeFiles/cmTC_0d0a5.dir/CheckIncludeFile.cxx.o
/usr/bin/c++   -fPIE -o CMakeFiles/cmTC_0d0a5.dir/CheckIncludeFile.cxx.o -c /usr/kl/glog/build/CMakeFiles/CMakeTmp/CheckIncludeFile.cxx
Linking CXX executable cmTC_0d0a5
/usr/bin/cmake -E cmake_link_script CMakeFiles/cmTC_0d0a5.dir/link.txt --verbose=1
/usr/bin/c++ CMakeFiles/cmTC_0d0a5.dir/CheckIncludeFile.cxx.o -o cmTC_0d0a5 
gmake[1]: Leaving directory '/usr/kl/glog/build/CMakeFiles/CMakeTmp'



Determining if the include file syslog.h exists passed with the following output:
Change Dir: /usr/kl/glog/build/CMakeFiles/CMakeTmp

Run Build Command(s):/usr/bin/gmake -f Makefile cmTC_64fc8/fast && /usr/bin/gmake  -f CMakeFiles/cmTC_64fc8.dir/build.make CMakeFiles/cmTC_64fc8.dir/build
gmake[1]: Entering directory '/usr/kl/glog/build/CMakeFiles/CMakeTmp'
Building CXX object CMakeFiles/cmTC_64fc8.dir/CheckIncludeFile.cxx.o
/usr/bin/c++   -fPIE -o CMakeFiles/cmTC_64fc8.dir/CheckIncludeFile.cxx.o -c /usr/kl/glog/build/CMakeFiles/CMakeTmp/CheckIncludeFile.cxx
Linking CXX executable cmTC_64fc8
/usr/bin/cmake -E cmake_link_script CMakeFiles/cmTC_64fc8.dir/link.txt --verbose=1
/usr/bin/c++ CMakeFiles/cmTC_64fc8.dir/CheckIncludeFile.cxx.o -o cmTC_64fc8 
gmake[1]: Leaving directory '/usr/kl/glog/build/CMakeFiles/CMakeTmp'



Determining if the include file ucontext.h exists passed with the following output:
Change Dir: /usr/kl/glog/build/CMakeFiles/CMakeTmp

Run Build Command(s):/usr/bin/gmake -f Makefile cmTC_ef8ed/fast && /usr/bin/gmake  -f CMakeFiles/cmTC_ef8ed.dir/build.make CMakeFiles/cmTC_ef8ed.dir/build
gmake[1]: Entering directory '/usr/kl/glog/build/CMakeFiles/CMakeTmp'
Building CXX object CMakeFiles/cmTC_ef8ed.dir/CheckIncludeFile.cxx.o
/usr/bin/c++   -fPIE -o CMakeFiles/cmTC_ef8ed.dir/CheckIncludeFile.cxx.o -c /usr/kl/glog/build/CMakeFiles/CMakeTmp/CheckIncludeFile.cxx
Linking CXX executable cmTC_ef8ed
/usr/bin/cmake -E cmake_link_script CMakeFiles/cmTC_ef8ed.dir/link.txt --verbose=1
/usr/bin/c++ CMakeFiles/cmTC_ef8ed.dir/CheckIncludeFile.cxx.o -o cmTC_ef8ed 
gmake[1]: Leaving directory '/usr/kl/glog/build/CMakeFiles/CMakeTmp'



Determining if the include file unistd.h exists passed with the following output:
Change Dir: /usr/kl/glog/build/CMakeFiles/CMakeTmp

Run Build Command(s):/usr/bin/gmake -f Makefile cmTC_f14b2/fast && /usr/bin/gmake  -f CMakeFiles/cmTC_f14b2.dir/build.make CMakeFiles/cmTC_f14b2.dir/build
gmake[1]: Entering directory '/usr/kl/glog/build/CMakeFiles/CMakeTmp'
Building CXX object CMakeFiles/cmTC_f14b2.dir/CheckIncludeFile.cxx.o
/usr/bin/c++   -fPIE -o CMakeFiles/cmTC_f14b2.dir/CheckIncludeFile.cxx.o -c /usr/kl/glog/build/CMakeFiles/CMakeTmp/CheckIncludeFile.cxx
Linking CXX executable cmTC_f14b2
/usr/bin/cmake -E cmake_link_script CMakeFiles/cmTC_f14b2.dir/link.txt --verbose=1
/usr/bin/c++ CMakeFiles/cmTC_f14b2.dir/CheckIncludeFile.cxx.o -o cmTC_f14b2 
gmake[1]: Leaving directory '/usr/kl/glog/build/CMakeFiles/CMakeTmp'



Determining if the include file stdint.h exists passed with the following output:
Change Dir: /usr/kl/glog/build/CMakeFiles/CMakeTmp

Run Build Command(s):/usr/bin/gmake -f Makefile cmTC_20eae/fast && /usr/bin/gmake  -f CMakeFiles/cmTC_20eae.dir/build.make CMakeFiles/cmTC_20eae.dir/build
gmake[1]: Entering directory '/usr/kl/glog/build/CMakeFiles/CMakeTmp'
Building CXX object CMakeFiles/cmTC_20eae.dir/CheckIncludeFile.cxx.o
/usr/bin/c++   -fPIE -o CMakeFiles/cmTC_20eae.dir/CheckIncludeFile.cxx.o -c /usr/kl/glog/build/CMakeFiles/CMakeTmp/CheckIncludeFile.cxx
Linking CXX executable cmTC_20eae
/usr/bin/cmake -E cmake_link_script CMakeFiles/cmTC_20eae.dir/link.txt --verbose=1
/usr/bin/c++ CMakeFiles/cmTC_20eae.dir/CheckIncludeFile.cxx.o -o cmTC_20eae 
gmake[1]: Leaving directory '/usr/kl/glog/build/CMakeFiles/CMakeTmp'



Determining if the include file stddef.h exists passed with the following output:
Change Dir: /usr/kl/glog/build/CMakeFiles/CMakeTmp

Run Build Command(s):/usr/bin/gmake -f Makefile cmTC_5041e/fast && /usr/bin/gmake  -f CMakeFiles/cmTC_5041e.dir/build.make CMakeFiles/cmTC_5041e.dir/build
gmake[1]: Entering directory '/usr/kl/glog/build/CMakeFiles/CMakeTmp'
Building CXX object CMakeFiles/cmTC_5041e.dir/CheckIncludeFile.cxx.o
/usr/bin/c++   -fPIE -o CMakeFiles/cmTC_5041e.dir/CheckIncludeFile.cxx.o -c /usr/kl/glog/build/CMakeFiles/CMakeTmp/CheckIncludeFile.cxx
Linking CXX executable cmTC_5041e
/usr/bin/cmake -E cmake_link_script CMakeFiles/cmTC_5041e.dir/link.txt --verbose=1
/usr/bin/c++ CMakeFiles/cmTC_5041e.dir/CheckIncludeFile.cxx.o -o cmTC_5041e 
gmake[1]: Leaving directory '/usr/kl/glog/build/CMakeFiles/CMakeTmp'



Determining size of mode_t passed with the following output:
Change Dir: /usr/kl/glog/build/CMakeFiles/CMakeTmp

Run Build Command(s):/usr/bin/gmake -f Makefile cmTC_5047b/fast && /usr/bin/gmake  -f CMakeFiles/cmTC_5047b.dir/build.make CMakeFiles/cmTC_5047b.dir/build
gmake[1]: Entering directory '/usr/kl/glog/build/CMakeFiles/CMakeTmp'
Building CXX object CMakeFiles/cmTC_5047b.dir/HAVE_MODE_T.cpp.o
/usr/bin/c++   -fPIE -o CMakeFiles/cmTC_5047b.dir/HAVE_MODE_T.cpp.o -c /usr/kl/glog/build/CMakeFiles/CheckTypeSize/HAVE_MODE_T.cpp
Linking CXX executable cmTC_5047b
/usr/bin/cmake -E cmake_link_script CMakeFiles/cmTC_5047b.dir/link.txt --verbose=1
/usr/bin/c++ CMakeFiles/cmTC_5047b.dir/HAVE_MODE_T.cpp.o -o cmTC_5047b 
gmake[1]: Leaving directory '/usr/kl/glog/build/CMakeFiles/CMakeTmp'



Determining size of ssize_t passed with the following output:
Change Dir: /usr/kl/glog/build/CMakeFiles/CMakeTmp

Run Build Command(s):/usr/bin/gmake -f Makefile cmTC_4a151/fast && /usr/bin/gmake  -f CMakeFiles/cmTC_4a151.dir/build.make CMakeFiles/cmTC_4a151.dir/build
gmake[1]: Entering directory '/usr/kl/glog/build/CMakeFiles/CMakeTmp'
Building CXX object CMakeFiles/cmTC_4a151.dir/HAVE_SSIZE_T.cpp.o
/usr/bin/c++   -fPIE -o CMakeFiles/cmTC_4a151.dir/HAVE_SSIZE_T.cpp.o -c /usr/kl/glog/build/CMakeFiles/CheckTypeSize/HAVE_SSIZE_T.cpp
Linking CXX executable cmTC_4a151
/usr/bin/cmake -E cmake_link_script CMakeFiles/cmTC_4a151.dir/link.txt --verbose=1
/usr/bin/c++ CMakeFiles/cmTC_4a151.dir/HAVE_SSIZE_T.cpp.o -o cmTC_4a151 
gmake[1]: Leaving directory '/usr/kl/glog/build/CMakeFiles/CMakeTmp'



Determining if the dladdr exist passed with the following output:
Change Dir: /usr/kl/glog/build/CMakeFiles/CMakeTmp

Run Build Command(s):/usr/bin/gmake -f Makefile cmTC_943d5/fast && /usr/bin/gmake  -f CMakeFiles/cmTC_943d5.dir/build.make CMakeFiles/cmTC_943d5.dir/build
gmake[1]: Entering directory '/usr/kl/glog/build/CMakeFiles/CMakeTmp'
Building CXX object CMakeFiles/cmTC_943d5.dir/CheckSymbolExists.cxx.o
/usr/bin/c++   -fPIE -o CMakeFiles/cmTC_943d5.dir/CheckSymbolExists.cxx.o -c /usr/kl/glog/build/CMakeFiles/CMakeTmp/CheckSymbolExists.cxx
Linking CXX executable cmTC_943d5
/usr/bin/cmake -E cmake_link_script CMakeFiles/cmTC_943d5.dir/link.txt --verbose=1
/usr/bin/c++ CMakeFiles/cmTC_943d5.dir/CheckSymbolExists.cxx.o -o cmTC_943d5 
gmake[1]: Leaving directory '/usr/kl/glog/build/CMakeFiles/CMakeTmp'


File /usr/kl/glog/build/CMakeFiles/CMakeTmp/CheckSymbolExists.cxx:
/* */
#include <dlfcn.h>

int main(int argc, char** argv)
{
  (void)argv;
#ifndef dladdr
  return ((int*)(&dladdr))[argc];
#else
  (void)argc;
  return 0;
#endif
}
Determining if the fcntl exist passed with the following output:
Change Dir: /usr/kl/glog/build/CMakeFiles/CMakeTmp

Run Build Command(s):/usr/bin/gmake -f Makefile cmTC_b4bf6/fast && /usr/bin/gmake  -f CMakeFiles/cmTC_b4bf6.dir/build.make CMakeFiles/cmTC_b4bf6.dir/build
gmake[1]: Entering directory '/usr/kl/glog/build/CMakeFiles/CMakeTmp'
Building CXX object CMakeFiles/cmTC_b4bf6.dir/CheckSymbolExists.cxx.o
/usr/bin/c++   -fPIE -o CMakeFiles/cmTC_b4bf6.dir/CheckSymbolExists.cxx.o -c /usr/kl/glog/build/CMakeFiles/CMakeTmp/CheckSymbolExists.cxx
Linking CXX executable cmTC_b4bf6
/usr/bin/cmake -E cmake_link_script CMakeFiles/cmTC_b4bf6.dir/link.txt --verbose=1
/usr/bin/c++ CMakeFiles/cmTC_b4bf6.dir/CheckSymbolExists.cxx.o -o cmTC_b4bf6 
gmake[1]: Leaving directory '/usr/kl/glog/build/CMakeFiles/CMakeTmp'


File /usr/kl/glog/build/CMakeFiles/CMakeTmp/CheckSymbolExists.cxx:
/* */
#include <fcntl.h>

int main(int argc, char** argv)
{
  (void)argv;
#ifndef fcntl
  return ((int*)(&fcntl))[argc];
#else
  (void)argc;
  return 0;
#endif
}
Determining if the posix_fadvise exist passed with the following output:
Change Dir: /usr/kl/glog/build/CMakeFiles/CMakeTmp

Run Build Command(s):/usr/bin/gmake -f Makefile cmTC_5ddc7/fast && /usr/bin/gmake  -f CMakeFiles/cmTC_5ddc7.dir/build.make CMakeFiles/cmTC_5ddc7.dir/build
gmake[1]: Entering directory '/usr/kl/glog/build/CMakeFiles/CMakeTmp'
Building CXX object CMakeFiles/cmTC_5ddc7.dir/CheckSymbolExists.cxx.o
/usr/bin/c++   -fPIE -o CMakeFiles/cmTC_5ddc7.dir/CheckSymbolExists.cxx.o -c /usr/kl/glog/build/CMakeFiles/CMakeTmp/CheckSymbolExists.cxx
Linking CXX executable cmTC_5ddc7
/usr/bin/cmake -E cmake_link_script CMakeFiles/cmTC_5ddc7.dir/link.txt --verbose=1
/usr/bin/c++ CMakeFiles/cmTC_5ddc7.dir/CheckSymbolExists.cxx.o -o cmTC_5ddc7 
gmake[1]: Leaving directory '/usr/kl/glog/build/CMakeFiles/CMakeTmp'


File /usr/kl/glog/build/CMakeFiles/CMakeTmp/CheckSymbolExists.cxx:
/* */
#include <fcntl.h>

int main(int argc, char** argv)
{
  (void)argv;
#ifndef posix_fadvise
  return ((int*)(&posix_fadvise))[argc];
#else
  (void)argc;
  return 0;
#endif
}
Determining if the pread exist passed with the following output:
Change Dir: /usr/kl/glog/build/CMakeFiles/CMakeTmp

Run Build Command(s):/usr/bin/gmake -f Makefile cmTC_e48b7/fast && /usr/bin/gmake  -f CMakeFiles/cmTC_e48b7.dir/build.make CMakeFiles/cmTC_e48b7.dir/build
gmake[1]: Entering directory '/usr/kl/glog/build/CMakeFiles/CMakeTmp'
Building CXX object CMakeFiles/cmTC_e48b7.dir/CheckSymbolExists.cxx.o
/usr/bin/c++   -fPIE -o CMakeFiles/cmTC_e48b7.dir/CheckSymbolExists.cxx.o -c /usr/kl/glog/build/CMakeFiles/CMakeTmp/CheckSymbolExists.cxx
Linking CXX executable cmTC_e48b7
/usr/bin/cmake -E cmake_link_script CMakeFiles/cmTC_e48b7.dir/link.txt --verbose=1
/usr/bin/c++ CMakeFiles/cmTC_e48b7.dir/CheckSymbolExists.cxx.o -o cmTC_e48b7 
gmake[1]: Leaving directory '/usr/kl/glog/build/CMakeFiles/CMakeTmp'


File /usr/kl/glog/build/CMakeFiles/CMakeTmp/CheckSymbolExists.cxx:
/* */
#include <unistd.h>

int main(int argc, char** argv)
{
  (void)argv;
#ifndef pread
  return ((int*)(&pread))[argc];
#else
  (void)argc;
  return 0;
#endif
}
Determining if the pwrite exist passed with the following output:
Change Dir: /usr/kl/glog/build/CMakeFiles/CMakeTmp

Run Build Command(s):/usr/bin/gmake -f Makefile cmTC_70a1e/fast && /usr/bin/gmake  -f CMakeFiles/cmTC_70a1e.dir/build.make CMakeFiles/cmTC_70a1e.dir/build
gmake[1]: Entering directory '/usr/kl/glog/build/CMakeFiles/CMakeTmp'
Building CXX object CMakeFiles/cmTC_70a1e.dir/CheckSymbolExists.cxx.o
/usr/bin/c++   -fPIE -o CMakeFiles/cmTC_70a1e.dir/CheckSymbolExists.cxx.o -c /usr/kl/glog/build/CMakeFiles/CMakeTmp/CheckSymbolExists.cxx
Linking CXX executable cmTC_70a1e
/usr/bin/cmake -E cmake_link_script CMakeFiles/cmTC_70a1e.dir/link.txt --verbose=1
/usr/bin/c++ CMakeFiles/cmTC_70a1e.dir/CheckSymbolExists.cxx.o -o cmTC_70a1e 
gmake[1]: Leaving directory '/usr/kl/glog/build/CMakeFiles/CMakeTmp'


File /usr/kl/glog/build/CMakeFiles/CMakeTmp/CheckSymbolExists.cxx:
/* */
#include <unistd.h>

int main(int argc, char** argv)
{
  (void)argv;
#ifndef pwrite
  return ((int*)(&pwrite))[argc];
#else
  (void)argc;
  return 0;
#endif
}
Determining if the sigaction exist passed with the following output:
Change Dir: /usr/kl/glog/build/CMakeFiles/CMakeTmp

Run Build Command(s):/usr/bin/gmake -f Makefile cmTC_7a12f/fast && /usr/bin/gmake  -f CMakeFiles/cmTC_7a12f.dir/build.make CMakeFiles/cmTC_7a12f.dir/build
gmake[1]: Entering directory '/usr/kl/glog/build/CMakeFiles/CMakeTmp'
Building CXX object CMakeFiles/cmTC_7a12f.dir/CheckSymbolExists.cxx.o
/usr/bin/c++   -fPIE -o CMakeFiles/cmTC_7a12f.dir/CheckSymbolExists.cxx.o -c /usr/kl/glog/build/CMakeFiles/CMakeTmp/CheckSymbolExists.cxx
Linking CXX executable cmTC_7a12f
/usr/bin/cmake -E cmake_link_script CMakeFiles/cmTC_7a12f.dir/link.txt --verbose=1
/usr/bin/c++ CMakeFiles/cmTC_7a12f.dir/CheckSymbolExists.cxx.o -o cmTC_7a12f 
gmake[1]: Leaving directory '/usr/kl/glog/build/CMakeFiles/CMakeTmp'


File /usr/kl/glog/build/CMakeFiles/CMakeTmp/CheckSymbolExists.cxx:
/* */
#include <csignal>

int main(int argc, char** argv)
{
  (void)argv;
#ifndef sigaction
  return ((int*)(&sigaction))[argc];
#else
  (void)argc;
  return 0;
#endif
}
Determining if the sigaltstack exist passed with the following output:
Change Dir: /usr/kl/glog/build/CMakeFiles/CMakeTmp

Run Build Command(s):/usr/bin/gmake -f Makefile cmTC_bb089/fast && /usr/bin/gmake  -f CMakeFiles/cmTC_bb089.dir/build.make CMakeFiles/cmTC_bb089.dir/build
gmake[1]: Entering directory '/usr/kl/glog/build/CMakeFiles/CMakeTmp'
Building CXX object CMakeFiles/cmTC_bb089.dir/CheckSymbolExists.cxx.o
/usr/bin/c++   -fPIE -o CMakeFiles/cmTC_bb089.dir/CheckSymbolExists.cxx.o -c /usr/kl/glog/build/CMakeFiles/CMakeTmp/CheckSymbolExists.cxx
Linking CXX executable cmTC_bb089
/usr/bin/cmake -E cmake_link_script CMakeFiles/cmTC_bb089.dir/link.txt --verbose=1
/usr/bin/c++ CMakeFiles/cmTC_bb089.dir/CheckSymbolExists.cxx.o -o cmTC_bb089 
gmake[1]: Leaving directory '/usr/kl/glog/build/CMakeFiles/CMakeTmp'


File /usr/kl/glog/build/CMakeFiles/CMakeTmp/CheckSymbolExists.cxx:
/* */
#include <csignal>

int main(int argc, char** argv)
{
  (void)argv;
#ifndef sigaltstack
  return ((int*)(&sigaltstack))[argc];
#else
  (void)argc;
  return 0;
#endif
}
Determining if the backtrace exist passed with the following output:
Change Dir: /usr/kl/glog/build/CMakeFiles/CMakeTmp

Run Build Command(s):/usr/bin/gmake -f Makefile cmTC_d2f27/fast && /usr/bin/gmake  -f CMakeFiles/cmTC_d2f27.dir/build.make CMakeFiles/cmTC_d2f27.dir/build
gmake[1]: Entering directory '/usr/kl/glog/build/CMakeFiles/CMakeTmp'
Building CXX object CMakeFiles/cmTC_d2f27.dir/CheckSymbolExists.cxx.o
/usr/bin/c++   -fPIE -o CMakeFiles/cmTC_d2f27.dir/CheckSymbolExists.cxx.o -c /usr/kl/glog/build/CMakeFiles/CMakeTmp/CheckSymbolExists.cxx
Linking CXX executable cmTC_d2f27
/usr/bin/cmake -E cmake_link_script CMakeFiles/cmTC_d2f27.dir/link.txt --verbose=1
/usr/bin/c++ CMakeFiles/cmTC_d2f27.dir/CheckSymbolExists.cxx.o -o cmTC_d2f27 
gmake[1]: Leaving directory '/usr/kl/glog/build/CMakeFiles/CMakeTmp'


File /usr/kl/glog/build/CMakeFiles/CMakeTmp/CheckSymbolExists.cxx:
/* */
#include <execinfo.h>

int main(int argc, char** argv)
{
  (void)argv;
#ifndef backtrace
  return ((int*)(&backtrace))[argc];
#else
  (void)argc;
  return 0;
#endif
}
Determining if the backtrace_symbols exist passed with the following output:
Change Dir: /usr/kl/glog/build/CMakeFiles/CMakeTmp

Run Build Command(s):/usr/bin/gmake -f Makefile cmTC_455de/fast && /usr/bin/gmake  -f CMakeFiles/cmTC_455de.dir/build.make CMakeFiles/cmTC_455de.dir/build
gmake[1]: Entering directory '/usr/kl/glog/build/CMakeFiles/CMakeTmp'
Building CXX object CMakeFiles/cmTC_455de.dir/CheckSymbolExists.cxx.o
/usr/bin/c++   -fPIE -o CMakeFiles/cmTC_455de.dir/CheckSymbolExists.cxx.o -c /usr/kl/glog/build/CMakeFiles/CMakeTmp/CheckSymbolExists.cxx
Linking CXX executable cmTC_455de
/usr/bin/cmake -E cmake_link_script CMakeFiles/cmTC_455de.dir/link.txt --verbose=1
/usr/bin/c++ CMakeFiles/cmTC_455de.dir/CheckSymbolExists.cxx.o -o cmTC_455de 
gmake[1]: Leaving directory '/usr/kl/glog/build/CMakeFiles/CMakeTmp'


File /usr/kl/glog/build/CMakeFiles/CMakeTmp/CheckSymbolExists.cxx:
/* */
#include <execinfo.h>

int main(int argc, char** argv)
{
  (void)argv;
#ifndef backtrace_symbols
  return ((int*)(&backtrace_symbols))[argc];
#else
  (void)argc;
  return 0;
#endif
}
Determining if the abi::__cxa_demangle exist passed with the following output:
Change Dir: /usr/kl/glog/build/CMakeFiles/CMakeTmp

Run Build Command(s):/usr/bin/gmake -f Makefile cmTC_9b16d/fast && /usr/bin/gmake  -f CMakeFiles/cmTC_9b16d.dir/build.make CMakeFiles/cmTC_9b16d.dir/build
gmake[1]: Entering directory '/usr/kl/glog/build/CMakeFiles/CMakeTmp'
Building CXX object CMakeFiles/cmTC_9b16d.dir/CheckSymbolExists.cxx.o
/usr/bin/c++   -fPIE -o CMakeFiles/cmTC_9b16d.dir/CheckSymbolExists.cxx.o -c /usr/kl/glog/build/CMakeFiles/CMakeTmp/CheckSymbolExists.cxx
Linking CXX executable cmTC_9b16d
/usr/bin/cmake -E cmake_link_script CMakeFiles/cmTC_9b16d.dir/link.txt --verbose=1
/usr/bin/c++ CMakeFiles/cmTC_9b16d.dir/CheckSymbolExists.cxx.o -o cmTC_9b16d 
gmake[1]: Leaving directory '/usr/kl/glog/build/CMakeFiles/CMakeTmp'


File /usr/kl/glog/build/CMakeFiles/CMakeTmp/CheckSymbolExists.cxx:
/* */
#include <cxxabi.h>

int main(int argc, char** argv)
{
  (void)argv;
  return ((int*)(&abi::__cxa_demangle))[argc];
}
Determining if the program_invocation_short_name exist passed with the following output:
Change Dir: /usr/kl/glog/build/CMakeFiles/CMakeTmp

Run Build Command(s):/usr/bin/gmake -f Makefile cmTC_9813b/fast && /usr/bin/gmake  -f CMakeFiles/cmTC_9813b.dir/build.make CMakeFiles/cmTC_9813b.dir/build
gmake[1]: Entering directory '/usr/kl/glog/build/CMakeFiles/CMakeTmp'
Building CXX object CMakeFiles/cmTC_9813b.dir/CheckSymbolExists.cxx.o
/usr/bin/c++   -fPIE -o CMakeFiles/cmTC_9813b.dir/CheckSymbolExists.cxx.o -c /usr/kl/glog/build/CMakeFiles/CMakeTmp/CheckSymbolExists.cxx
Linking CXX executable cmTC_9813b
/usr/bin/cmake -E cmake_link_script CMakeFiles/cmTC_9813b.dir/link.txt --verbose=1
/usr/bin/c++ CMakeFiles/cmTC_9813b.dir/CheckSymbolExists.cxx.o -o cmTC_9813b 
gmake[1]: Leaving directory '/usr/kl/glog/build/CMakeFiles/CMakeTmp'


File /usr/kl/glog/build/CMakeFiles/CMakeTmp/CheckSymbolExists.cxx:
/* */
#include <cerrno>

int main(int argc, char** argv)
{
  (void)argv;
#ifndef program_invocation_short_name
  return ((int*)(&program_invocation_short_name))[argc];
#else
  (void)argc;
  return 0;
#endif
}
Performing C++ SOURCE FILE Test HAVE___PROGNAME succeeded with the following output:
Change Dir: /usr/kl/glog/build/CMakeFiles/CMakeTmp

Run Build Command(s):/usr/bin/gmake -f Makefile cmTC_aaac9/fast && /usr/bin/gmake  -f CMakeFiles/cmTC_aaac9.dir/build.make CMakeFiles/cmTC_aaac9.dir/build
gmake[1]: Entering directory '/usr/kl/glog/build/CMakeFiles/CMakeTmp'
Building CXX object CMakeFiles/cmTC_aaac9.dir/src.cxx.o
/usr/bin/c++ -DHAVE___PROGNAME  -fPIE -o CMakeFiles/cmTC_aaac9.dir/src.cxx.o -c /usr/kl/glog/build/CMakeFiles/CMakeTmp/src.cxx
Linking CXX executable cmTC_aaac9
/usr/bin/cmake -E cmake_link_script CMakeFiles/cmTC_aaac9.dir/link.txt --verbose=1
/usr/bin/c++ CMakeFiles/cmTC_aaac9.dir/src.cxx.o -o cmTC_aaac9 
gmake[1]: Leaving directory '/usr/kl/glog/build/CMakeFiles/CMakeTmp'


Source file was:
#include <cstdlib>
extern char* __progname;
int main() { return __progname != nullptr ? EXIT_SUCCESS : EXIT_FAILURE; }

Performing C++ SOURCE FILE Test HAVE_PC_FROM_UCONTEXT_uc_mcontext_gregs_REG_RIP succeeded with the following output:
Change Dir: /usr/kl/glog/build/CMakeFiles/CMakeTmp

Run Build Command(s):/usr/bin/gmake -f Makefile cmTC_bb614/fast && /usr/bin/gmake  -f CMakeFiles/cmTC_bb614.dir/build.make CMakeFiles/cmTC_bb614.dir/build
gmake[1]: Entering directory '/usr/kl/glog/build/CMakeFiles/CMakeTmp'
Building CXX object CMakeFiles/cmTC_bb614.dir/src.cxx.o
/usr/bin/c++ -DHAVE_PC_FROM_UCONTEXT_uc_mcontext_gregs_REG_RIP -D_GNU_SOURCE  -fPIE -o CMakeFiles/cmTC_bb614.dir/src.cxx.o -c /usr/kl/glog/build/CMakeFiles/CMakeTmp/src.cxx
Linking CXX executable cmTC_bb614
/usr/bin/cmake -E cmake_link_script CMakeFiles/cmTC_bb614.dir/link.txt --verbose=1
/usr/bin/c++ CMakeFiles/cmTC_bb614.dir/src.cxx.o -o cmTC_bb614 
gmake[1]: Leaving directory '/usr/kl/glog/build/CMakeFiles/CMakeTmp'


Source file was:

#include <ucontext.h>

int main()
{
  (void)sizeof(((ucontext_t *)0)->uc_mcontext.gregs[REG_RIP]);
  return 0;
}

Determining if the gmtime_r exist passed with the following output:
Change Dir: /usr/kl/glog/build/CMakeFiles/CMakeTmp

Run Build Command(s):/usr/bin/gmake -f Makefile cmTC_eb207/fast && /usr/bin/gmake  -f CMakeFiles/cmTC_eb207.dir/build.make CMakeFiles/cmTC_eb207.dir/build
gmake[1]: Entering directory '/usr/kl/glog/build/CMakeFiles/CMakeTmp'
Building CXX object CMakeFiles/cmTC_eb207.dir/CheckSymbolExists.cxx.o
/usr/bin/c++   -fPIE -o CMakeFiles/cmTC_eb207.dir/CheckSymbolExists.cxx.o -c /usr/kl/glog/build/CMakeFiles/CMakeTmp/CheckSymbolExists.cxx
Linking CXX executable cmTC_eb207
/usr/bin/cmake -E cmake_link_script CMakeFiles/cmTC_eb207.dir/link.txt --verbose=1
/usr/bin/c++ CMakeFiles/cmTC_eb207.dir/CheckSymbolExists.cxx.o -o cmTC_eb207 
gmake[1]: Leaving directory '/usr/kl/glog/build/CMakeFiles/CMakeTmp'


File /usr/kl/glog/build/CMakeFiles/CMakeTmp/CheckSymbolExists.cxx:
/* */
#include <cstdlib>
#include <ctime>

int main(int argc, char** argv)
{
  (void)argv;
#ifndef gmtime_r
  return ((int*)(&gmtime_r))[argc];
#else
  (void)argc;
  return 0;
#endif
}
Determining if the localtime_r exist passed with the following output:
Change Dir: /usr/kl/glog/build/CMakeFiles/CMakeTmp

Run Build Command(s):/usr/bin/gmake -f Makefile cmTC_640cb/fast && /usr/bin/gmake  -f CMakeFiles/cmTC_640cb.dir/build.make CMakeFiles/cmTC_640cb.dir/build
gmake[1]: Entering directory '/usr/kl/glog/build/CMakeFiles/CMakeTmp'
Building CXX object CMakeFiles/cmTC_640cb.dir/CheckSymbolExists.cxx.o
/usr/bin/c++   -fPIE -o CMakeFiles/cmTC_640cb.dir/CheckSymbolExists.cxx.o -c /usr/kl/glog/build/CMakeFiles/CMakeTmp/CheckSymbolExists.cxx
Linking CXX executable cmTC_640cb
/usr/bin/cmake -E cmake_link_script CMakeFiles/cmTC_640cb.dir/link.txt --verbose=1
/usr/bin/c++ CMakeFiles/cmTC_640cb.dir/CheckSymbolExists.cxx.o -o cmTC_640cb 
gmake[1]: Leaving directory '/usr/kl/glog/build/CMakeFiles/CMakeTmp'


File /usr/kl/glog/build/CMakeFiles/CMakeTmp/CheckSymbolExists.cxx:
/* */
#include <cstdlib>
#include <ctime>

int main(int argc, char** argv)
{
  (void)argv;
#ifndef localtime_r
  return ((int*)(&localtime_r))[argc];
#else
  (void)argc;
  return 0;
#endif
}
Performing C++ SOURCE FILE Test COMPILER_HAS_HIDDEN_VISIBILITY succeeded with the following output:
Change Dir: /usr/kl/glog/build/CMakeFiles/CMakeTmp

Run Build Command(s):/usr/bin/gmake -f Makefile cmTC_0c66b/fast && /usr/bin/gmake  -f CMakeFiles/cmTC_0c66b.dir/build.make CMakeFiles/cmTC_0c66b.dir/build
gmake[1]: Entering directory '/usr/kl/glog/build/CMakeFiles/CMakeTmp'
Building CXX object CMakeFiles/cmTC_0c66b.dir/src.cxx.o
/usr/bin/c++ -DCOMPILER_HAS_HIDDEN_VISIBILITY  -fPIE   -fvisibility=hidden -o CMakeFiles/cmTC_0c66b.dir/src.cxx.o -c /usr/kl/glog/build/CMakeFiles/CMakeTmp/src.cxx
Linking CXX executable cmTC_0c66b
/usr/bin/cmake -E cmake_link_script CMakeFiles/cmTC_0c66b.dir/link.txt --verbose=1
/usr/bin/c++ CMakeFiles/cmTC_0c66b.dir/src.cxx.o -o cmTC_0c66b 
gmake[1]: Leaving directory '/usr/kl/glog/build/CMakeFiles/CMakeTmp'


Source file was:
int main() { return 0; }
Performing C++ SOURCE FILE Test COMPILER_HAS_HIDDEN_INLINE_VISIBILITY succeeded with the following output:
Change Dir: /usr/kl/glog/build/CMakeFiles/CMakeTmp

Run Build Command(s):/usr/bin/gmake -f Makefile cmTC_41238/fast && /usr/bin/gmake  -f CMakeFiles/cmTC_41238.dir/build.make CMakeFiles/cmTC_41238.dir/build
gmake[1]: Entering directory '/usr/kl/glog/build/CMakeFiles/CMakeTmp'
Building CXX object CMakeFiles/cmTC_41238.dir/src.cxx.o
/usr/bin/c++ -DCOMPILER_HAS_HIDDEN_INLINE_VISIBILITY  -fPIE   -fvisibility-inlines-hidden -o CMakeFiles/cmTC_41238.dir/src.cxx.o -c /usr/kl/glog/build/CMakeFiles/CMakeTmp/src.cxx
Linking CXX executable cmTC_41238
/usr/bin/cmake -E cmake_link_script CMakeFiles/cmTC_41238.dir/link.txt --verbose=1
/usr/bin/c++ CMakeFiles/cmTC_41238.dir/src.cxx.o -o cmTC_41238 
gmake[1]: Leaving directory '/usr/kl/glog/build/CMakeFiles/CMakeTmp'


Source file was:
int main() { return 0; }
Performing C++ SOURCE FILE Test COMPILER_HAS_DEPRECATED_ATTR succeeded with the following output:
Change Dir: /usr/kl/glog/build/CMakeFiles/CMakeTmp

Run Build Command(s):/usr/bin/gmake -f Makefile cmTC_67d35/fast && /usr/bin/gmake  -f CMakeFiles/cmTC_67d35.dir/build.make CMakeFiles/cmTC_67d35.dir/build
gmake[1]: Entering directory '/usr/kl/glog/build/CMakeFiles/CMakeTmp'
Building CXX object CMakeFiles/cmTC_67d35.dir/src.cxx.o
/usr/bin/c++ -DCOMPILER_HAS_DEPRECATED_ATTR  -fPIE -o CMakeFiles/cmTC_67d35.dir/src.cxx.o -c /usr/kl/glog/build/CMakeFiles/CMakeTmp/src.cxx
/usr/kl/glog/build/CMakeFiles/CMakeTmp/src.cxx: In function 'int main()':
/usr/kl/glog/build/CMakeFiles/CMakeTmp/src.cxx:2:33: warning: 'int somefunc()' is deprecated [-Wdeprecated-declarations]
    2 |     int main() { return somefunc();}
      |                         ~~~~~~~~^~
/usr/kl/glog/build/CMakeFiles/CMakeTmp/src.cxx:1:37: note: declared here
    1 | __attribute__((__deprecated__)) int somefunc() { return 0; }
      |                                     ^~~~~~~~
Linking CXX executable cmTC_67d35
/usr/bin/cmake -E cmake_link_script CMakeFiles/cmTC_67d35.dir/link.txt --verbose=1
/usr/bin/c++ CMakeFiles/cmTC_67d35.dir/src.cxx.o -o cmTC_67d35 
gmake[1]: Leaving directory '/usr/kl/glog/build/CMakeFiles/CMakeTmp'


Source file was:
__attribute__((__deprecated__)) int somefunc() { return 0; }
    int main() { return somefunc();}
